DOW MON DY HH:MM:SS YYYY UTC-OFFSET  EVTTYPE    POINT   MMI   STATE          DESCRIPTION
----------------------------------------------------------------------------------------
Thu Jan 01 00:03:33 1970(UTC+00:00)  VELEVENT   05270   001   Clear          Compressor High Head Pressure
Thu Jan 01 00:03:38 1970(UTC+00:00)  VELEVENT   05418   001   Alarm          Unit Code Missing
Thu Jan 01 00:03:43 1970(UTC+00:00)  VELEVENT   05418   001   Alarm          Unit Code Missing
Thu Jan 01 00:03:43 1970(UTC+00:00)  VELEVENT   05270   001   Alarm          Compressor High Head Pressure
Thu Jan 01 00:03:44 1970(UTC+00:00)  VELEVENT   05272   002   Alarm          Compressor Thermal Overload
Thu Jan 01 00:03:46 1970(UTC+00:00)  VELEVENT   05418   001   Clear          Unit Code Missing
Thu Jan 01 00:03:46 1970(UTC+00:00)  VELEVENT   05272   002   Clear          Compressor Thermal Overload
Thu Jan 01 00:06:56 1970(UTC+00:00)  SYSEVENT                 Message        DNS lookup failure for host: pool.ntp.org
Thu Jan 01 00:07:27 1970(UTC+00:00)  VELEVENT   05109   001   Message        Unit On
Thu Jan 01 00:07:27 1970(UTC+00:00)  VELEVENT   05109   001   Clear          Unit On
Thu Jan 01 00:07:55 1970(UTC+00:00)  VELEVENT   05113   001   Message        Unit Shutdown
Thu Jan 01 00:07:55 1970(UTC+00:00)  VELEVENT   05113   001   Clear          Unit Shutdown
Thu Jan 01 00:07:56 1970(UTC+00:00)  VELEVENT   05110   001   Message        Unit Off
Thu Jan 01 00:07:56 1970(UTC+00:00)  VELEVENT   05110   001   Clear          Unit Off
Thu Jan 01 00:08:00 1970(UTC+00:00)  VELEVENT   05109   001   Message        Unit On
Thu Jan 01 00:08:01 1970(UTC+00:00)  VELEVENT   05109   001   Clear          Unit On
Thu Jan 01 00:08:21 1970(UTC+00:00)  VELEVENT   04723   001   Alarm          Water Under Floor
Thu Jan 01 00:08:33 1970(UTC+00:00)  VELEVENT   04723   001   Clear          Water Under Floor
Thu Jan 01 00:08:35 1970(UTC+00:00)  VELEVENT   05118   001   Warning        Clogged Air Filter
Thu Jan 01 00:08:38 1970(UTC+00:00)  VELEVENT   05118   001   Clear          Clogged Air Filter
Thu Jan 01 00:08:50 1970(UTC+00:00)  VELEVENT   05110   001   Message        Unit Off
Thu Jan 01 00:08:51 1970(UTC+00:00)  VELEVENT   05110   001   Clear          Unit Off
Thu Jan 01 00:10:00 1970(UTC+00:00)  VELEVENT   05043   001   Alarm          Humidifier Issue
Thu Jan 01 00:10:07 1970(UTC+00:00)  VELEVENT   05043   001   Clear          Humidifier Issue
Thu Jan 01 00:10:13 1970(UTC+00:00)  VELEVENT   05109   001   Message        Unit On
Thu Jan 01 00:10:13 1970(UTC+00:00)  VELEVENT   05109   001   Clear          Unit On
Thu Jan 01 00:10:28 1970(UTC+00:00)  VELEVENT   05113   001   Message        Unit Shutdown
Thu Jan 01 00:10:29 1970(UTC+00:00)  VELEVENT   05113   001   Clear          Unit Shutdown
Thu Jan 01 00:10:29 1970(UTC+00:00)  VELEVENT   05110   001   Message        Unit Off
Thu Jan 01 00:10:30 1970(UTC+00:00)  VELEVENT   05110   001   Clear          Unit Off
Thu Jan 01 00:10:48 1970(UTC+00:00)  VELEVENT   05053   001   Alarm          Loss of Air Flow
Thu Jan 01 00:11:17 1970(UTC+00:00)  VELEVENT   05270   001   Clear          Compressor High Head Pressure
Thu Jan 01 00:11:17 1970(UTC+00:00)  VELEVENT   05053   001   Clear          Loss of Air Flow
Thu Jan 01 00:11:18 1970(UTC+00:00)  VELEVENT   05270   001   Alarm          Compressor High Head Pressure
Thu Jan 01 00:11:20 1970(UTC+00:00)  VELEVENT   05109   001   Message        Unit On
Thu Jan 01 00:11:21 1970(UTC+00:00)  VELEVENT   05109   001   Clear          Unit On
Thu Jan 01 00:11:50 1970(UTC+00:00)  VELEVENT   05270   001   Clear          Compressor High Head Pressure
Thu Jan 01 00:24:45 1970(UTC+00:00)  VELEVENT   05110   001   Message        Unit Off
Thu Jan 01 00:24:45 1970(UTC+00:00)  VELEVENT   05110   001   Clear          Unit Off
Thu Jan 01 00:25:07 1970(UTC+00:00)  VELEVENT   05109   001   Message        Unit On
Thu Jan 01 00:25:07 1970(UTC+00:00)  VELEVENT   05109   001   Clear          Unit On
Thu Jan 01 00:03:07 1970(UTC+00:00)  VELEVENT   05272   001   Clear          Compressor Thermal Overload
Thu Jan 01 00:03:11 1970(UTC+00:00)  VELEVENT   04714   001   Clear          Shutdown - Loss Of Power
Thu Jan 01 00:03:12 1970(UTC+00:00)  VELEVENT   05109   001   Message        Unit On
Thu Jan 01 00:03:12 1970(UTC+00:00)  VELEVENT   05109   001   Clear          Unit On
Thu Jan 01 00:03:17 1970(UTC+00:00)  VELEVENT   05272   001   Alarm          Compressor Thermal Overload
Thu Jan 01 00:03:17 1970(UTC+00:00)  VELEVENT   05272   001   Alarm          Compressor Thermal Overload
Thu Jan 01 00:03:17 1970(UTC+00:00)  VELEVENT   04714   001   Warning        Shutdown - Loss Of Power
Thu Jan 01 00:03:17 1970(UTC+00:00)  VELEVENT   05109   001   Message        Unit On
Thu Jan 01 00:03:17 1970(UTC+00:00)  VELEVENT   04714   001   Warning        Shutdown - Loss Of Power
Thu Jan 01 00:06:23 1970(UTC+00:00)  SYSEVENT                 Message        DNS lookup failure for host: pool.ntp.org
Thu Jan 01 00:03:08 1970(UTC+00:00)  VELEVENT   05109   001   Message        Unit On
Thu Jan 01 00:03:08 1970(UTC+00:00)  VELEVENT   05109   001   Clear          Unit On
Thu Jan 01 00:03:13 1970(UTC+00:00)  VELEVENT   04714   001   Warning        Shutdown - Loss Of Power
Thu Jan 01 00:03:13 1970(UTC+00:00)  VELEVENT   04714   001   Clear          Shutdown - Loss Of Power
Thu Jan 01 00:03:13 1970(UTC+00:00)  VELEVENT   05109   001   Message        Unit On
Thu Jan 01 00:03:14 1970(UTC+00:00)  VELEVENT   04714   001   Warning        Shutdown - Loss Of Power
Thu Jan 01 00:06:23 1970(UTC+00:00)  SYSEVENT                 Message        DNS lookup failure for host: pool.ntp.org
Thu Jan 01 00:09:49 1970(UTC+00:00)  VELEVENT   05271   001   Alarm          Compressor Low Suction Pressure
Thu Jan 01 00:03:17 1970(UTC+00:00)  VELEVENT   04714   001   Warning        Shutdown - Loss Of Power
Thu Jan 01 00:03:13 1970(UTC+00:00)  VELEVENT   04714   001   Warning        Shutdown - Loss Of Power
Thu Jan 01 00:06:23 1970(UTC+00:00)  SYSEVENT                 Message        DNS lookup failure for host: pool.ntp.org
Thu Jan 01 00:03:13 1970(UTC+00:00)  VELEVENT   05053   001   Clear          Loss of Air Flow
Thu Jan 01 00:03:13 1970(UTC+00:00)  VELEVENT   05110   001   Message        Unit Off
Thu Jan 01 00:03:14 1970(UTC+00:00)  VELEVENT   05110   001   Clear          Unit Off
Thu Jan 01 00:03:14 1970(UTC+00:00)  VELEVENT   05113   001   Message        Unit Shutdown
Thu Jan 01 00:03:15 1970(UTC+00:00)  VELEVENT   05113   001   Clear          Unit Shutdown
Thu Jan 01 00:03:18 1970(UTC+00:00)  VELEVENT   04714   001   Warning        Shutdown - Loss Of Power
Thu Jan 01 00:03:18 1970(UTC+00:00)  VELEVENT   05110   001   Message        Unit Off
Thu Jan 01 00:03:18 1970(UTC+00:00)  VELEVENT   05113   001   Message        Unit Shutdown
Thu Jan 01 00:03:18 1970(UTC+00:00)  VELEVENT   05053   001   Alarm          Loss of Air Flow
Thu Jan 01 00:03:00 1970(UTC+00:00)  VELEVENT   05109   001   Message        Unit On
Thu Jan 01 00:03:01 1970(UTC+00:00)  VELEVENT   05109   001   Clear          Unit On
Thu Jan 01 00:03:06 1970(UTC+00:00)  VELEVENT   05109   001   Message        Unit On
Thu Jan 01 00:06:22 1970(UTC+00:00)  SYSEVENT                 Message        DNS lookup failure for host: pool.ntp.org
Thu Jan 01 00:11:51 1970(UTC+00:00)  VELEVENT   05118   001   Warning        Clogged Air Filter
Thu Jan 01 00:18:23 1970(UTC+00:00)  VELEVENT   05118   001   Clear          Clogged Air Filter
Thu Jan 01 00:18:24 1970(UTC+00:00)  VELEVENT   05118   001   Warning        Clogged Air Filter
Thu Jan 01 00:18:56 1970(UTC+00:00)  VELEVENT   05118   001   Clear          Clogged Air Filter
Thu Jan 01 00:18:57 1970(UTC+00:00)  VELEVENT   05110   001   Message        Unit Off
Thu Jan 01 00:18:57 1970(UTC+00:00)  VELEVENT   05110   001   Clear          Unit Off
Thu Jan 01 00:03:12 1970(UTC+00:00)  VELEVENT   05109   001   Message        Unit On
Thu Jan 01 00:03:13 1970(UTC+00:00)  VELEVENT   05109   001   Clear          Unit On
Thu Jan 01 00:03:18 1970(UTC+00:00)  VELEVENT   05109   001   Message        Unit On
Thu Jan 01 00:03:21 1970(UTC+00:00)  VELEVENT   05118   001   Warning        Clogged Air Filter
Thu Jan 01 00:03:43 1970(UTC+00:00)  VELEVENT   05118   001   Clear          Clogged Air Filter
Thu Jan 01 00:06:23 1970(UTC+00:00)  SYSEVENT                 Message        DNS lookup failure for host: pool.ntp.org
Thu Jan 01 00:09:18 1970(UTC+00:00)  VELEVENT   05118   001   Warning        Clogged Air Filter
Thu Jan 01 00:09:30 1970(UTC+00:00)  VELEVENT   05118   001   Clear          Clogged Air Filter
Thu Jan 01 00:12:06 1970(UTC+00:00)  VELEVENT   05118   001   Warning        Clogged Air Filter
Thu Jan 01 00:18:24 1970(UTC+00:00)  VELEVENT   05118   001   Clear          Clogged Air Filter
Thu Jan 01 00:25:29 1970(UTC+00:00)  VELEVENT   05110   001   Message        Unit Off
Thu Jan 01 00:25:30 1970(UTC+00:00)  VELEVENT   05110   001   Clear          Unit Off
Thu Jan 01 00:25:45 1970(UTC+00:00)  VELEVENT   05109   001   Message        Unit On
Thu Jan 01 00:25:45 1970(UTC+00:00)  VELEVENT   05109   001   Clear          Unit On
Thu Jan 01 00:26:13 1970(UTC+00:00)  VELEVENT   05118   001   Warning        Clogged Air Filter
Thu Jan 01 00:26:51 1970(UTC+00:00)  VELEVENT   05118   001   Clear          Clogged Air Filter
Thu Jan 01 00:27:27 1970(UTC+00:00)  VELEVENT   05118   001   Warning        Clogged Air Filter
Thu Jan 01 00:27:42 1970(UTC+00:00)  VELEVENT   05110   001   Message        Unit Off
Thu Jan 01 00:27:43 1970(UTC+00:00)  VELEVENT   05110   001   Clear          Unit Off
Thu Jan 01 00:27:53 1970(UTC+00:00)  VELEVENT   05118   001   Clear          Clogged Air Filter
Thu Jan 01 00:30:06 1970(UTC+00:00)  VELEVENT   05109   001   Message        Unit On
Thu Jan 01 00:30:07 1970(UTC+00:00)  VELEVENT   05109   001   Clear          Unit On
Thu Jan 01 00:38:58 1970(UTC+00:00)  VELEVENT   05110   001   Message        Unit Off
Thu Jan 01 00:38:58 1970(UTC+00:00)  VELEVENT   05110   001   Clear          Unit Off
Thu Jan 01 00:42:50 1970(UTC+00:00)  VELEVENT   05109   001   Message        Unit On
Thu Jan 01 00:42:50 1970(UTC+00:00)  VELEVENT   05109   001   Clear          Unit On
Thu Jan 01 00:42:59 1970(UTC+00:00)  VELEVENT   05110   001   Message        Unit Off
Thu Jan 01 00:03:13 1970(UTC+00:00)  VELEVENT   05118   001   Clear          Clogged Air Filter
Thu Jan 01 00:03:13 1970(UTC+00:00)  VELEVENT   05109   001   Message        Unit On
Thu Jan 01 00:03:14 1970(UTC+00:00)  VELEVENT   05109   001   Clear          Unit On
Thu Jan 01 00:03:18 1970(UTC+00:00)  VELEVENT   05109   001   Message        Unit On
Thu Jan 01 00:03:18 1970(UTC+00:00)  VELEVENT   05118   001   Warning        Clogged Air Filter
Thu Jan 01 00:06:23 1970(UTC+00:00)  SYSEVENT                 Message        DNS lookup failure for host: pool.ntp.org
Thu Jan 01 00:08:56 1970(UTC+00:00)  VELEVENT   05118   001   Clear          Clogged Air Filter
Thu Jan 01 00:08:57 1970(UTC+00:00)  VELEVENT   05118   001   Warning        Clogged Air Filter
Thu Jan 01 00:10:29 1970(UTC+00:00)  VELEVENT   05118   001   Clear          Clogged Air Filter
Thu Jan 01 00:10:36 1970(UTC+00:00)  VELEVENT   05118   001   Warning        Clogged Air Filter
Thu Jan 01 00:16:12 1970(UTC+00:00)  VELEVENT   05118   001   Clear          Clogged Air Filter
Thu Jan 01 00:16:15 1970(UTC+00:00)  VELEVENT   05118   001   Warning        Clogged Air Filter
Thu Jan 01 00:36:39 1970(UTC+00:00)  VELEVENT   05118   001   Clear          Clogged Air Filter
Thu Jan 01 00:36:39 1970(UTC+00:00)  VELEVENT   05110   001   Message        Unit Off
Thu Jan 01 00:36:40 1970(UTC+00:00)  VELEVENT   05110   001   Clear          Unit Off
Thu Jan 01 00:41:24 1970(UTC+00:00)  VELEVENT   05109   001   Message        Unit On
Thu Jan 01 00:41:24 1970(UTC+00:00)  VELEVENT   05109   001   Clear          Unit On
Thu Jan 01 00:41:44 1970(UTC+00:00)  VELEVENT   05118   001   Warning        Clogged Air Filter
Thu Jan 01 00:42:00 1970(UTC+00:00)  VELEVENT   05118   001   Clear          Clogged Air Filter
Thu Jan 01 00:42:02 1970(UTC+00:00)  VELEVENT   05118   001   Warning        Clogged Air Filter
Thu Jan 01 01:19:20 1970(UTC+00:00)  VELEVENT   05118   001   Clear          Clogged Air Filter
Thu Jan 01 01:19:20 1970(UTC+00:00)  VELEVENT   05118   001   Warning        Clogged Air Filter
Thu Jan 01 01:24:19 1970(UTC+00:00)  VELEVENT   05118   001   Clear          Clogged Air Filter
Thu Jan 01 01:24:20 1970(UTC+00:00)  VELEVENT   05110   001   Message        Unit Off
Thu Jan 01 01:24:21 1970(UTC+00:00)  VELEVENT   05110   001   Clear          Unit Off
Thu Jan 01 01:28:05 1970(UTC+00:00)  VELEVENT   05109   001   Message        Unit On
Thu Jan 01 01:28:05 1970(UTC+00:00)  VELEVENT   05109   001   Clear          Unit On
Thu Jan 01 01:28:25 1970(UTC+00:00)  VELEVENT   05118   001   Warning        Clogged Air Filter
Thu Jan 01 01:44:36 1970(UTC+00:00)  VELEVENT   05118   001   Clear          Clogged Air Filter
Thu Jan 01 00:06:23 1970(UTC+00:00)  SYSEVENT                 Message        DNS lookup failure for host: pool.ntp.org
Thu Jan 01 00:03:11 1970(UTC+00:00)  VELEVENT   05109   001   Message        Unit On
Thu Jan 01 00:03:11 1970(UTC+00:00)  VELEVENT   05109   001   Clear          Unit On
Thu Jan 01 00:03:16 1970(UTC+00:00)  VELEVENT   05109   001   Message        Unit On
Thu Jan 01 00:06:23 1970(UTC+00:00)  SYSEVENT                 Message        DNS lookup failure for host: pool.ntp.org
Thu Jan 01 00:03:13 1970(UTC+00:00)  VELEVENT   05109   001   Message        Unit On
Thu Jan 01 00:03:13 1970(UTC+00:00)  VELEVENT   05109   001   Clear          Unit On
Thu Jan 01 00:03:17 1970(UTC+00:00)  VELEVENT   05109   001   Message        Unit On
Thu Jan 01 00:05:43 1970(UTC+00:00)  VELEVENT   05034   001   Warning        High Return Humidity
Thu Jan 01 00:06:22 1970(UTC+00:00)  SYSEVENT                 Message        DNS lookup failure for host: pool.ntp.org
Thu Jan 01 01:59:49 1970(UTC+00:00)  VELEVENT   05034   001   Clear          High Return Humidity
Sat Jan 03 07:09:40 1970(UTC+00:00)  VELEVENT   05110   001   Message        Unit Off
Sat Jan 03 07:09:41 1970(UTC+00:00)  VELEVENT   05110   001   Clear          Unit Off
Sat Jan 03 08:10:49 1970(UTC+00:00)  VELEVENT   05109   001   Message        Unit On
Sat Jan 03 08:10:49 1970(UTC+00:00)  VELEVENT   05109   001   Clear          Unit On
Sat Jan 03 23:04:13 1970(UTC+00:00)  VELEVENT   05034   001   Warning        High Return Humidity
Sun Jan 04 21:22:50 1970(UTC+00:00)  VELEVENT   05034   001   Clear          High Return Humidity
Sun Jan 04 21:33:58 1970(UTC+00:00)  VELEVENT   05034   001   Warning        High Return Humidity
Sun Jan 04 23:13:45 1970(UTC+00:00)  VELEVENT   05034   001   Clear          High Return Humidity
Sun Jan 04 23:21:37 1970(UTC+00:00)  VELEVENT   05034   001   Warning        High Return Humidity
Mon Jan 05 20:48:21 1970(UTC+00:00)  VELEVENT   05034   001   Clear          High Return Humidity
Mon Jan 05 20:55:02 1970(UTC+00:00)  VELEVENT   05034   001   Warning        High Return Humidity
Thu Jan 01 00:06:23 1970(UTC+00:00)  SYSEVENT                 Message        DNS lookup failure for host: pool.ntp.org
Thu Jan 01 00:06:23 1970(UTC+00:00)  SYSEVENT                 Message        DNS lookup failure for host: pool.ntp.org
Thu Jan 01 00:03:12 1970(UTC+00:00)  VELEVENT   05109   001   Message        Unit On
Thu Jan 01 00:03:13 1970(UTC+00:00)  VELEVENT   05109   001   Clear          Unit On
Thu Jan 01 00:03:18 1970(UTC+00:00)  VELEVENT   05109   001   Message        Unit On
Thu Jan 01 00:06:22 1970(UTC+00:00)  SYSEVENT                 Message        DNS lookup failure for host: pool.ntp.org
Thu Jan 01 00:06:23 1970(UTC+00:00)  SYSEVENT                 Message        DNS lookup failure for host: pool.ntp.org
Thu Jan 01 00:06:23 1970(UTC+00:00)  SYSEVENT                 Message        DNS lookup failure for host: pool.ntp.org
Thu Jan 01 00:06:23 1970(UTC+00:00)  SYSEVENT                 Message        DNS lookup failure for host: pool.ntp.org
Thu Jan 01 00:06:22 1970(UTC+00:00)  SYSEVENT                 Message        DNS lookup failure for host: pool.ntp.org
Thu Jan 01 00:06:22 1970(UTC+00:00)  SYSEVENT                 Message        DNS lookup failure for host: pool.ntp.org
Sat Jan 03 06:04:43 1970(UTC+00:00)  VELEVENT   05034   001   Warning        High Return Humidity
Thu Jan 01 00:03:14 1970(UTC+00:00)  VELEVENT   05109   001   Message        Unit On
Thu Jan 01 00:03:14 1970(UTC+00:00)  VELEVENT   05109   001   Clear          Unit On
Thu Jan 01 00:03:18 1970(UTC+00:00)  VELEVENT   05109   001   Message        Unit On
Thu Jan 01 00:06:22 1970(UTC+00:00)  SYSEVENT                 Message        DNS lookup failure for host: pool.ntp.org
Thu Jan 01 00:06:23 1970(UTC+00:00)  SYSEVENT                 Message        DNS lookup failure for host: pool.ntp.org
Thu Jan 01 00:58:38 1970(UTC+00:00)  VELEVENT   05034   001   Warning        High Return Humidity
Thu Jan 01 00:06:22 1970(UTC+00:00)  SYSEVENT                 Message        DNS lookup failure for host: pool.ntp.org
Thu Jan 01 00:03:14 1970(UTC+00:00)  VELEVENT   05109   001   Message        Unit On
Thu Jan 01 00:03:14 1970(UTC+00:00)  VELEVENT   05109   001   Clear          Unit On
Thu Jan 01 00:03:18 1970(UTC+00:00)  VELEVENT   05109   001   Message        Unit On
Thu Jan 01 00:06:22 1970(UTC+00:00)  SYSEVENT                 Message        DNS lookup failure for host: pool.ntp.org
Thu Jan 01 00:06:23 1970(UTC+00:00)  SYSEVENT                 Message        DNS lookup failure for host: pool.ntp.org
Thu Jan 01 00:03:15 1970(UTC+00:00)  VELEVENT   05109   001   Message        Unit On
Thu Jan 01 00:03:15 1970(UTC+00:00)  VELEVENT   05109   001   Clear          Unit On
Thu Jan 01 00:03:19 1970(UTC+00:00)  VELEVENT   05109   001   Message        Unit On
Thu Jan 01 00:06:22 1970(UTC+00:00)  SYSEVENT                 Message        DNS lookup failure for host: pool.ntp.org
Thu Jan 01 00:06:23 1970(UTC+00:00)  SYSEVENT                 Message        DNS lookup failure for host: pool.ntp.org
Thu Jan 01 00:06:23 1970(UTC+00:00)  SYSEVENT                 Message        DNS lookup failure for host: pool.ntp.org
Thu Jan 01 00:06:24 1970(UTC+00:00)  SYSEVENT                 Message        DNS lookup failure for host: pool.ntp.org
Thu Jan 01 00:06:23 1970(UTC+00:00)  SYSEVENT                 Message        DNS lookup failure for host: pool.ntp.org
Thu Jan 01 00:06:22 1970(UTC+00:00)  SYSEVENT                 Message        DNS lookup failure for host: pool.ntp.org
Thu Jan 01 00:06:22 1970(UTC+00:00)  SYSEVENT                 Message        DNS lookup failure for host: pool.ntp.org
Thu Jan 01 00:06:23 1970(UTC+00:00)  SYSEVENT                 Message        DNS lookup failure for host: pool.ntp.org
Thu Jan 01 00:06:24 1970(UTC+00:00)  SYSEVENT                 Message        DNS lookup failure for host: pool.ntp.org
Thu Jan 01 00:06:23 1970(UTC+00:00)  SYSEVENT                 Message        DNS lookup failure for host: pool.ntp.org
Thu Jan 01 00:06:23 1970(UTC+00:00)  SYSEVENT                 Message        DNS lookup failure for host: pool.ntp.org
Thu Jan 01 00:06:23 1970(UTC+00:00)  SYSEVENT                 Message        DNS lookup failure for host: pool.ntp.org
Thu Jan 01 00:06:23 1970(UTC+00:00)  SYSEVENT                 Message        DNS lookup failure for host: pool.ntp.org
Thu Jan 01 00:06:23 1970(UTC+00:00)  SYSEVENT                 Message        DNS lookup failure for host: pool.ntp.org
Thu Jan 01 00:03:03 1970(UTC+00:00)  VELEVENT   05034   001   Clear          High Return Humidity
Thu Jan 01 00:03:14 1970(UTC+00:00)  VELEVENT   05034   001   Warning        High Return Humidity
Thu Jan 01 00:03:14 1970(UTC+00:00)  VELEVENT   05034   001   Warning        High Return Humidity
Thu Jan 01 00:06:24 1970(UTC+00:00)  SYSEVENT                 Message        DNS lookup failure for host: pool.ntp.org
Thu Jan 01 00:16:51 1970(UTC+00:00)  VELEVENT   05034   001   Warning        High Return Humidity
Thu Jan 01 00:06:23 1970(UTC+00:00)  SYSEVENT                 Message        DNS lookup failure for host: pool.ntp.org
Thu Jan 01 00:06:23 1970(UTC+00:00)  SYSEVENT                 Message        DNS lookup failure for host: pool.ntp.org
Thu Jan 01 00:06:23 1970(UTC+00:00)  SYSEVENT                 Message        DNS lookup failure for host: pool.ntp.org
Thu Jan 01 00:06:23 1970(UTC+00:00)  SYSEVENT                 Message        DNS lookup failure for host: pool.ntp.org
Thu Jan 01 00:06:22 1970(UTC+00:00)  SYSEVENT                 Message        DNS lookup failure for host: pool.ntp.org
Thu Jan 01 00:06:23 1970(UTC+00:00)  SYSEVENT                 Message        DNS lookup failure for host: pool.ntp.org
Thu Jan 01 00:06:23 1970(UTC+00:00)  SYSEVENT                 Message        DNS lookup failure for host: pool.ntp.org
Thu Jan 01 00:06:22 1970(UTC+00:00)  SYSEVENT                 Message        DNS lookup failure for host: pool.ntp.org
Thu Jan 01 00:06:22 1970(UTC+00:00)  SYSEVENT                 Message        DNS lookup failure for host: pool.ntp.org
Thu Jan 01 00:06:23 1970(UTC+00:00)  SYSEVENT                 Message        DNS lookup failure for host: pool.ntp.org
Thu Jan 01 00:06:23 1970(UTC+00:00)  SYSEVENT                 Message        DNS lookup failure for host: pool.ntp.org
Thu Jan 01 00:06:23 1970(UTC+00:00)  SYSEVENT                 Message        DNS lookup failure for host: pool.ntp.org
Thu Jan 01 00:06:24 1970(UTC+00:00)  SYSEVENT                 Message        DNS lookup failure for host: pool.ntp.org
Thu Jan 01 00:06:24 1970(UTC+00:00)  SYSEVENT                 Message        DNS lookup failure for host: pool.ntp.org
Thu Jan 01 00:06:24 1970(UTC+00:00)  SYSEVENT                 Message        DNS lookup failure for host: pool.ntp.org
Thu Jan 01 00:06:24 1970(UTC+00:00)  SYSEVENT                 Message        DNS lookup failure for host: pool.ntp.org
Thu Jan 01 00:06:23 1970(UTC+00:00)  SYSEVENT                 Message        DNS lookup failure for host: pool.ntp.org
Thu Jan 01 00:06:23 1970(UTC+00:00)  SYSEVENT                 Message        DNS lookup failure for host: pool.ntp.org
Thu Jan 01 00:02:58 1970(UTC+00:00)  VELEVENT   05034   001   Clear          High Return Humidity
Thu Jan 01 00:03:08 1970(UTC+00:00)  VELEVENT   05034   001   Warning        High Return Humidity
Thu Jan 01 00:03:08 1970(UTC+00:00)  VELEVENT   05034   001   Warning        High Return Humidity
Thu Jan 01 00:06:23 1970(UTC+00:00)  SYSEVENT                 Message        DNS lookup failure for host: pool.ntp.org
Thu Jan 01 00:06:24 1970(UTC+00:00)  SYSEVENT                 Message        DNS lookup failure for host: pool.ntp.org
Thu Jan 01 00:06:23 1970(UTC+00:00)  SYSEVENT                 Message        DNS lookup failure for host: pool.ntp.org
Thu Jan 01 00:06:24 1970(UTC+00:00)  SYSEVENT                 Message        DNS lookup failure for host: pool.ntp.org
Thu Jan 01 00:06:23 1970(UTC+00:00)  SYSEVENT                 Message        DNS lookup failure for host: pool.ntp.org
Thu Jan 01 00:06:24 1970(UTC+00:00)  SYSEVENT                 Message        DNS lookup failure for host: pool.ntp.org
Thu Jan 01 00:06:24 1970(UTC+00:00)  SYSEVENT                 Message        DNS lookup failure for host: pool.ntp.org
Thu Jan 01 00:06:24 1970(UTC+00:00)  SYSEVENT                 Message        DNS lookup failure for host: pool.ntp.org
Thu Jan 01 00:06:23 1970(UTC+00:00)  SYSEVENT                 Message        DNS lookup failure for host: pool.ntp.org
Thu Jan 01 00:13:05 1970(UTC+00:00)  VELEVENT   05034   001   Warning        High Return Humidity
Wed Jan 07 08:02:19 1970(UTC+00:00)  VELEVENT   05034   001   Clear          High Return Humidity
Thu Jan 01 00:06:24 1970(UTC+00:00)  SYSEVENT                 Message        DNS lookup failure for host: pool.ntp.org
Thu Jan 01 00:06:24 1970(UTC+00:00)  SYSEVENT                 Message        DNS lookup failure for host: pool.ntp.org
Thu Jan 01 00:06:25 1970(UTC+00:00)  SYSEVENT                 Message        DNS lookup failure for host: pool.ntp.org
Sun Jan 04 22:46:30 1970(UTC+00:00)  VELEVENT   05271   001   Alarm          Compressor Low Suction Pressure
Thu Jan 01 00:06:24 1970(UTC+00:00)  SYSEVENT                 Message        DNS lookup failure for host: pool.ntp.org
Thu Jan 01 00:06:24 1970(UTC+00:00)  SYSEVENT                 Message        DNS lookup failure for host: pool.ntp.org
Thu Jan 01 00:06:24 1970(UTC+00:00)  SYSEVENT                 Message        DNS lookup failure for host: pool.ntp.org
Thu Jan 01 00:06:24 1970(UTC+00:00)  SYSEVENT                 Message        DNS lookup failure for host: pool.ntp.org
Thu Jan 01 00:06:24 1970(UTC+00:00)  SYSEVENT                 Message        DNS lookup failure for host: pool.ntp.org
Thu Jan 01 00:06:24 1970(UTC+00:00)  SYSEVENT                 Message        DNS lookup failure for host: pool.ntp.org
Thu Jan 01 00:06:24 1970(UTC+00:00)  SYSEVENT                 Message        DNS lookup failure for host: pool.ntp.org
Thu Jan 01 00:06:23 1970(UTC+00:00)  SYSEVENT                 Message        DNS lookup failure for host: pool.ntp.org
Thu Jan 01 00:06:25 1970(UTC+00:00)  SYSEVENT                 Message        DNS lookup failure for host: pool.ntp.org
Thu Jan 01 00:06:24 1970(UTC+00:00)  SYSEVENT                 Message        DNS lookup failure for host: pool.ntp.org
Thu Jan 01 00:06:24 1970(UTC+00:00)  SYSEVENT                 Message        DNS lookup failure for host: pool.ntp.org
Thu Jan 01 00:06:24 1970(UTC+00:00)  SYSEVENT                 Message        DNS lookup failure for host: pool.ntp.org
Thu Jan 01 00:06:24 1970(UTC+00:00)  SYSEVENT                 Message        DNS lookup failure for host: pool.ntp.org
Thu Jan 01 00:06:25 1970(UTC+00:00)  SYSEVENT                 Message        DNS lookup failure for host: pool.ntp.org
Thu Jan 01 00:06:24 1970(UTC+00:00)  SYSEVENT                 Message        DNS lookup failure for host: pool.ntp.org
Thu Jan 01 00:06:24 1970(UTC+00:00)  SYSEVENT                 Message        DNS lookup failure for host: pool.ntp.org
Thu Jan 01 00:06:24 1970(UTC+00:00)  SYSEVENT                 Message        DNS lookup failure for host: pool.ntp.org
Thu Jan 01 00:06:24 1970(UTC+00:00)  SYSEVENT                 Message        DNS lookup failure for host: pool.ntp.org
Thu Jan 01 00:06:24 1970(UTC+00:00)  SYSEVENT                 Message        DNS lookup failure for host: pool.ntp.org
Thu Jan 01 00:06:24 1970(UTC+00:00)  SYSEVENT                 Message        DNS lookup failure for host: pool.ntp.org
Thu Jan 01 00:06:24 1970(UTC+00:00)  SYSEVENT                 Message        DNS lookup failure for host: pool.ntp.org
Thu Jan 01 00:06:24 1970(UTC+00:00)  SYSEVENT                 Message        DNS lookup failure for host: pool.ntp.org
Thu Jan 01 00:06:24 1970(UTC+00:00)  SYSEVENT                 Message        DNS lookup failure for host: pool.ntp.org
Thu Jan 01 00:06:24 1970(UTC+00:00)  SYSEVENT                 Message        DNS lookup failure for host: pool.ntp.org
Thu Jan 01 00:06:24 1970(UTC+00:00)  SYSEVENT                 Message        DNS lookup failure for host: pool.ntp.org
Thu Jan 01 00:06:24 1970(UTC+00:00)  SYSEVENT                 Message        DNS lookup failure for host: pool.ntp.org
Thu Jan 01 00:06:25 1970(UTC+00:00)  SYSEVENT                 Message        DNS lookup failure for host: pool.ntp.org
Thu Jan 01 00:06:24 1970(UTC+00:00)  SYSEVENT                 Message        DNS lookup failure for host: pool.ntp.org
Thu Jan 01 00:06:24 1970(UTC+00:00)  SYSEVENT                 Message        DNS lookup failure for host: pool.ntp.org
Thu Jan 01 00:06:25 1970(UTC+00:00)  SYSEVENT                 Message        DNS lookup failure for host: pool.ntp.org
Thu Jan 01 00:06:24 1970(UTC+00:00)  SYSEVENT                 Message        DNS lookup failure for host: pool.ntp.org
Thu Jan 01 00:06:24 1970(UTC+00:00)  SYSEVENT                 Message        DNS lookup failure for host: pool.ntp.org
Fri Jan 02 12:49:04 1970(UTC+00:00)  VELEVENT   05271   001   Alarm          Compressor Low Suction Pressure
Fri Jan 02 18:25:54 1970(UTC+00:00)  VELEVENT   05271   001   Clear          Compressor Low Suction Pressure
Fri Jan 02 18:25:55 1970(UTC+00:00)  VELEVENT   05110   001   Message        Unit Off
Fri Jan 02 18:25:55 1970(UTC+00:00)  VELEVENT   05110   001   Clear          Unit Off
Fri Jan 02 18:25:59 1970(UTC+00:00)  VELEVENT   05109   001   Message        Unit On
Fri Jan 02 18:26:00 1970(UTC+00:00)  VELEVENT   05109   001   Clear          Unit On
Fri Jan 02 20:07:17 1970(UTC+00:00)  VELEVENT   05110   001   Message        Unit Off
Fri Jan 02 20:07:18 1970(UTC+00:00)  VELEVENT   05110   001   Clear          Unit Off
Thu Jan 01 00:03:07 1970(UTC+00:00)  VELEVENT   05109   001   Message        Unit On
Thu Jan 01 00:03:07 1970(UTC+00:00)  VELEVENT   05109   001   Clear          Unit On
Thu Jan 01 00:03:13 1970(UTC+00:00)  VELEVENT   05109   001   Message        Unit On
Thu Jan 01 00:06:23 1970(UTC+00:00)  SYSEVENT                 Message        DNS lookup failure for host: pool.ntp.org
Thu Jan 01 01:06:26 1970(UTC+00:00)  VELEVENT   05110   001   Message        Unit Off
Thu Jan 01 00:03:09 1970(UTC+00:00)  VELEVENT   05109   001   Message        Unit On
Thu Jan 01 00:03:10 1970(UTC+00:00)  VELEVENT   05109   001   Clear          Unit On
Thu Jan 01 00:03:15 1970(UTC+00:00)  VELEVENT   05109   001   Message        Unit On
Thu Jan 01 00:06:24 1970(UTC+00:00)  SYSEVENT                 Message        DNS lookup failure for host: pool.ntp.org
Thu Jan 01 04:12:39 1970(UTC+00:00)  VELEVENT   05271   001   Alarm          Compressor Low Suction Pressure
Thu Jan 01 04:59:38 1970(UTC+00:00)  VELEVENT   05271   001   Clear          Compressor Low Suction Pressure
Thu Jan 01 04:59:39 1970(UTC+00:00)  VELEVENT   05271   001   Alarm          Compressor Low Suction Pressure
Thu Jan 01 04:59:56 1970(UTC+00:00)  VELEVENT   05110   001   Message        Unit Off
Thu Jan 01 04:59:56 1970(UTC+00:00)  VELEVENT   05110   001   Clear          Unit Off
Thu Jan 01 04:59:58 1970(UTC+00:00)  VELEVENT   05109   001   Message        Unit On
Thu Jan 01 04:59:59 1970(UTC+00:00)  VELEVENT   05109   001   Clear          Unit On
Thu Jan 01 05:00:35 1970(UTC+00:00)  VELEVENT   05110   001   Message        Unit Off
Thu Jan 01 05:00:35 1970(UTC+00:00)  VELEVENT   05110   001   Clear          Unit Off
Thu Jan 01 05:00:50 1970(UTC+00:00)  VELEVENT   05271   001   Clear          Compressor Low Suction Pressure
Thu Jan 01 05:00:51 1970(UTC+00:00)  VELEVENT   05271   001   Alarm          Compressor Low Suction Pressure
Thu Jan 01 05:00:57 1970(UTC+00:00)  VELEVENT   05109   001   Message        Unit On
Thu Jan 01 05:00:58 1970(UTC+00:00)  VELEVENT   05109   001   Clear          Unit On
Thu Jan 01 05:01:30 1970(UTC+00:00)  VELEVENT   05271   001   Clear          Compressor Low Suction Pressure
Thu Jan 01 05:01:31 1970(UTC+00:00)  VELEVENT   05271   001   Alarm          Compressor Low Suction Pressure
Thu Jan 01 05:02:41 1970(UTC+00:00)  VELEVENT   05271   001   Clear          Compressor Low Suction Pressure
Thu Jan 01 05:02:42 1970(UTC+00:00)  VELEVENT   05271   001   Alarm          Compressor Low Suction Pressure
Thu Jan 01 05:18:14 1970(UTC+00:00)  VELEVENT   05271   001   Clear          Compressor Low Suction Pressure
Thu Jan 01 05:18:15 1970(UTC+00:00)  VELEVENT   05271   001   Alarm          Compressor Low Suction Pressure
Thu Jan 01 05:19:35 1970(UTC+00:00)  VELEVENT   05271   001   Clear          Compressor Low Suction Pressure
Thu Jan 01 05:19:36 1970(UTC+00:00)  VELEVENT   05271   001   Alarm          Compressor Low Suction Pressure
Thu Jan 01 05:19:42 1970(UTC+00:00)  VELEVENT   05110   001   Message        Unit Off
Thu Jan 01 05:19:42 1970(UTC+00:00)  VELEVENT   05110   001   Clear          Unit Off
Thu Jan 01 05:19:43 1970(UTC+00:00)  VELEVENT   05109   001   Message        Unit On
Thu Jan 01 05:19:43 1970(UTC+00:00)  VELEVENT   05109   001   Clear          Unit On
Thu Jan 01 05:19:51 1970(UTC+00:00)  VELEVENT   05110   001   Message        Unit Off
Thu Jan 01 05:19:51 1970(UTC+00:00)  VELEVENT   05110   001   Clear          Unit Off
Thu Jan 01 05:20:11 1970(UTC+00:00)  VELEVENT   05271   001   Clear          Compressor Low Suction Pressure
Thu Jan 01 05:20:32 1970(UTC+00:00)  VELEVENT   05109   001   Message        Unit On
Thu Jan 01 05:20:32 1970(UTC+00:00)  VELEVENT   05109   001   Clear          Unit On
Thu Jan 01 00:04:42 1970(UTC+00:00)  VELEVENT   05271   001   Alarm          Compressor Low Suction Pressure
Thu Jan 01 00:05:10 1970(UTC+00:00)  VELEVENT   05271   001   Clear          Compressor Low Suction Pressure
Thu Jan 01 00:05:11 1970(UTC+00:00)  VELEVENT   05271   001   Alarm          Compressor Low Suction Pressure
Thu Jan 01 00:05:44 1970(UTC+00:00)  VELEVENT   05271   001   Clear          Compressor Low Suction Pressure
Thu Jan 01 00:06:24 1970(UTC+00:00)  SYSEVENT                 Message        DNS lookup failure for host: pool.ntp.org
Thu Jan 01 00:06:24 1970(UTC+00:00)  SYSEVENT                 Message        DNS lookup failure for host: pool.ntp.org
Thu Jan 01 00:06:23 1970(UTC+00:00)  SYSEVENT                 Message        DNS lookup failure for host: pool.ntp.org
Thu Jan 01 04:31:33 1970(UTC+00:00)  VELEVENT   05271   001   Alarm          Compressor Low Suction Pressure
Thu Jan 01 06:13:14 1970(UTC+00:00)  VELEVENT   05110   001   Message        Unit Off
Thu Jan 01 06:13:14 1970(UTC+00:00)  VELEVENT   05110   001   Clear          Unit Off
Thu Jan 01 06:17:13 1970(UTC+00:00)  VELEVENT   05271   001   Clear          Compressor Low Suction Pressure
Thu Jan 01 06:17:56 1970(UTC+00:00)  VELEVENT   05109   001   Message        Unit On
Thu Jan 01 06:17:57 1970(UTC+00:00)  VELEVENT   05109   001   Clear          Unit On
Thu Jan 01 06:21:34 1970(UTC+00:00)  VELEVENT   05271   001   Alarm          Compressor Low Suction Pressure
Thu Jan 01 06:25:30 1970(UTC+00:00)  VELEVENT   05271   001   Clear          Compressor Low Suction Pressure
Thu Jan 01 06:25:31 1970(UTC+00:00)  VELEVENT   05271   001   Alarm          Compressor Low Suction Pressure
Thu Jan 01 06:25:34 1970(UTC+00:00)  VELEVENT   05271   001   Clear          Compressor Low Suction Pressure
Thu Jan 01 06:25:36 1970(UTC+00:00)  VELEVENT   05271   001   Alarm          Compressor Low Suction Pressure
Thu Jan 01 07:29:32 1970(UTC+00:00)  VELEVENT   05271   001   Clear          Compressor Low Suction Pressure
Thu Jan 01 07:29:32 1970(UTC+00:00)  VELEVENT   05110   001   Message        Unit Off
Thu Jan 01 07:29:33 1970(UTC+00:00)  VELEVENT   05110   001   Clear          Unit Off
Thu Jan 01 00:03:05 1970(UTC+00:00)  VELEVENT   05109   001   Message        Unit On
Thu Jan 01 00:03:06 1970(UTC+00:00)  VELEVENT   05109   001   Clear          Unit On
Thu Jan 01 00:03:10 1970(UTC+00:00)  VELEVENT   05109   001   Message        Unit On
Thu Jan 01 00:06:24 1970(UTC+00:00)  SYSEVENT                 Message        DNS lookup failure for host: pool.ntp.org
Thu Jan 01 00:35:30 1970(UTC+00:00)  VELEVENT   05271   001   Alarm          Compressor Low Suction Pressure
Thu Jan 01 04:32:28 1970(UTC+00:00)  VELEVENT   05110   001   Message        Unit Off
Thu Jan 01 04:32:28 1970(UTC+00:00)  VELEVENT   05110   001   Clear          Unit Off
Thu Jan 01 04:32:29 1970(UTC+00:00)  VELEVENT   05271   001   Clear          Compressor Low Suction Pressure
Thu Jan 01 00:03:06 1970(UTC+00:00)  VELEVENT   05109   001   Message        Unit On
Thu Jan 01 00:03:07 1970(UTC+00:00)  VELEVENT   05109   001   Clear          Unit On
Thu Jan 01 00:03:11 1970(UTC+00:00)  VELEVENT   05109   001   Message        Unit On
Thu Jan 01 00:06:25 1970(UTC+00:00)  SYSEVENT                 Message        DNS lookup failure for host: pool.ntp.org
Thu Jan 01 15:43:06 1970(UTC+00:00)  VELEVENT   05271   001   Alarm          Compressor Low Suction Pressure
Thu Jan 01 18:20:16 1970(UTC+00:00)  VELEVENT   05110   001   Message        Unit Off
Thu Jan 01 18:20:16 1970(UTC+00:00)  VELEVENT   05110   001   Clear          Unit Off
Thu Jan 01 18:20:19 1970(UTC+00:00)  VELEVENT   05109   001   Message        Unit On
Thu Jan 01 18:20:20 1970(UTC+00:00)  VELEVENT   05109   001   Clear          Unit On
Thu Jan 01 18:20:33 1970(UTC+00:00)  VELEVENT   05110   001   Message        Unit Off
Thu Jan 01 18:20:34 1970(UTC+00:00)  VELEVENT   05110   001   Clear          Unit Off
Thu Jan 01 00:03:06 1970(UTC+00:00)  VELEVENT   05109   001   Message        Unit On
Thu Jan 01 00:03:07 1970(UTC+00:00)  VELEVENT   05109   001   Clear          Unit On
Thu Jan 01 00:03:12 1970(UTC+00:00)  VELEVENT   05109   001   Message        Unit On
Thu Jan 01 00:06:24 1970(UTC+00:00)  SYSEVENT                 Message        DNS lookup failure for host: pool.ntp.org
Thu Jan 01 00:06:24 1970(UTC+00:00)  SYSEVENT                 Message        DNS lookup failure for host: pool.ntp.org
Thu Jan 01 00:27:59 1970(UTC+00:00)  VELEVENT   05271   001   Alarm          Compressor Low Suction Pressure
Thu Jan 01 00:49:05 1970(UTC+00:00)  VELEVENT   05110   001   Message        Unit Off
Thu Jan 01 00:49:06 1970(UTC+00:00)  VELEVENT   05110   001   Clear          Unit Off
Thu Jan 01 00:03:04 1970(UTC+00:00)  VELEVENT   05109   001   Message        Unit On
Thu Jan 01 00:03:05 1970(UTC+00:00)  VELEVENT   05109   001   Clear          Unit On
Thu Jan 01 00:03:10 1970(UTC+00:00)  VELEVENT   05109   001   Message        Unit On
Thu Jan 01 00:06:01 1970(UTC+00:00)  VELEVENT   05271   001   Alarm          Compressor Low Suction Pressure
Thu Jan 01 00:06:23 1970(UTC+00:00)  SYSEVENT                 Message        DNS lookup failure for host: pool.ntp.org
Thu Jan 01 00:10:12 1970(UTC+00:00)  VELEVENT   05110   001   Message        Unit Off
Thu Jan 01 00:10:13 1970(UTC+00:00)  VELEVENT   05110   001   Clear          Unit Off
Thu Jan 01 00:35:09 1970(UTC+00:00)  VELEVENT   05109   001   Message        Unit On
Thu Jan 01 00:35:10 1970(UTC+00:00)  VELEVENT   05109   001   Clear          Unit On
Thu Jan 01 01:14:31 1970(UTC+00:00)  VELEVENT   05271   001   Clear          Compressor Low Suction Pressure
Thu Jan 01 01:14:31 1970(UTC+00:00)  VELEVENT   05110   001   Message        Unit Off
Thu Jan 01 01:14:32 1970(UTC+00:00)  VELEVENT   05110   001   Clear          Unit Off
Thu Jan 01 00:03:04 1970(UTC+00:00)  VELEVENT   05109   001   Message        Unit On
Thu Jan 01 00:03:05 1970(UTC+00:00)  VELEVENT   05109   001   Clear          Unit On
Thu Jan 01 00:03:09 1970(UTC+00:00)  VELEVENT   05109   001   Message        Unit On
Thu Jan 01 00:06:24 1970(UTC+00:00)  SYSEVENT                 Message        DNS lookup failure for host: pool.ntp.org
Thu Jan 01 00:03:58 1970(UTC+00:00)  VELEVENT   05271   001   Alarm          Compressor Low Suction Pressure
Thu Jan 01 00:06:24 1970(UTC+00:00)  SYSEVENT                 Message        DNS lookup failure for host: pool.ntp.org
Thu Jan 01 00:12:21 1970(UTC+00:00)  VELEVENT   05110   001   Message        Unit Off
Thu Jan 01 00:12:21 1970(UTC+00:00)  VELEVENT   05110   001   Clear          Unit Off
Thu Jan 01 00:13:18 1970(UTC+00:00)  VELEVENT   05109   001   Message        Unit On
Thu Jan 01 00:13:19 1970(UTC+00:00)  VELEVENT   05109   001   Clear          Unit On
Thu Jan 01 00:14:04 1970(UTC+00:00)  VELEVENT   05110   001   Message        Unit Off
Thu Jan 01 00:14:04 1970(UTC+00:00)  VELEVENT   05110   001   Clear          Unit Off
Thu Jan 01 00:03:02 1970(UTC+00:00)  VELEVENT   05109   001   Message        Unit On
Thu Jan 01 00:03:02 1970(UTC+00:00)  VELEVENT   05109   001   Clear          Unit On
Thu Jan 01 00:03:08 1970(UTC+00:00)  VELEVENT   05109   001   Message        Unit On
Thu Jan 01 00:06:24 1970(UTC+00:00)  SYSEVENT                 Message        DNS lookup failure for host: pool.ntp.org
Thu Jan 01 02:41:40 1970(UTC+00:00)  VELEVENT   05271   001   Alarm          Compressor Low Suction Pressure
Thu Jan 01 03:16:05 1970(UTC+00:00)  VELEVENT   05271   001   Clear          Compressor Low Suction Pressure
Thu Jan 01 03:16:07 1970(UTC+00:00)  VELEVENT   05271   001   Alarm          Compressor Low Suction Pressure
Thu Jan 01 03:16:19 1970(UTC+00:00)  VELEVENT   05271   001   Clear          Compressor Low Suction Pressure
Thu Jan 01 03:16:20 1970(UTC+00:00)  VELEVENT   05271   001   Alarm          Compressor Low Suction Pressure
Thu Jan 01 03:17:09 1970(UTC+00:00)  VELEVENT   05271   001   Clear          Compressor Low Suction Pressure
Thu Jan 01 00:06:24 1970(UTC+00:00)  SYSEVENT                 Message        DNS lookup failure for host: pool.ntp.org
Thu Jan 01 00:06:24 1970(UTC+00:00)  SYSEVENT                 Message        DNS lookup failure for host: pool.ntp.org
Thu Jan 01 00:06:24 1970(UTC+00:00)  SYSEVENT                 Message        DNS lookup failure for host: pool.ntp.org
Thu Jan 01 00:06:24 1970(UTC+00:00)  SYSEVENT                 Message        DNS lookup failure for host: pool.ntp.org
Thu Jan 01 00:06:25 1970(UTC+00:00)  SYSEVENT                 Message        DNS lookup failure for host: pool.ntp.org
Thu Jan 01 00:06:24 1970(UTC+00:00)  SYSEVENT                 Message        DNS lookup failure for host: pool.ntp.org
Thu Jan 01 00:06:25 1970(UTC+00:00)  SYSEVENT                 Message        DNS lookup failure for host: pool.ntp.org
Thu Jan 01 00:06:25 1970(UTC+00:00)  SYSEVENT                 Message        DNS lookup failure for host: pool.ntp.org
Thu Jan 01 00:06:24 1970(UTC+00:00)  SYSEVENT                 Message        DNS lookup failure for host: pool.ntp.org
Thu Jan 01 00:06:24 1970(UTC+00:00)  SYSEVENT                 Message        DNS lookup failure for host: pool.ntp.org
Thu Jan 01 00:06:24 1970(UTC+00:00)  SYSEVENT                 Message        DNS lookup failure for host: pool.ntp.org
Thu Jan 01 00:06:25 1970(UTC+00:00)  SYSEVENT                 Message        DNS lookup failure for host: pool.ntp.org
Thu Jan 01 00:06:25 1970(UTC+00:00)  SYSEVENT                 Message        DNS lookup failure for host: pool.ntp.org
Thu Jan 01 00:06:25 1970(UTC+00:00)  SYSEVENT                 Message        DNS lookup failure for host: pool.ntp.org
Thu Jan 01 00:06:25 1970(UTC+00:00)  SYSEVENT                 Message        DNS lookup failure for host: pool.ntp.org
Thu Jan 01 00:06:25 1970(UTC+00:00)  SYSEVENT                 Message        DNS lookup failure for host: pool.ntp.org
Thu Jan 01 00:06:24 1970(UTC+00:00)  SYSEVENT                 Message        DNS lookup failure for host: pool.ntp.org
Thu Jan 01 00:06:25 1970(UTC+00:00)  SYSEVENT                 Message        DNS lookup failure for host: pool.ntp.org
Thu Jan 01 00:06:24 1970(UTC+00:00)  SYSEVENT                 Message        DNS lookup failure for host: pool.ntp.org
Thu Jan 01 00:06:24 1970(UTC+00:00)  SYSEVENT                 Message        DNS lookup failure for host: pool.ntp.org
Thu Jan 01 00:06:24 1970(UTC+00:00)  SYSEVENT                 Message        DNS lookup failure for host: pool.ntp.org
Thu Jan 01 00:06:24 1970(UTC+00:00)  SYSEVENT                 Message        DNS lookup failure for host: pool.ntp.org
Thu Jan 01 00:06:24 1970(UTC+00:00)  SYSEVENT                 Message        DNS lookup failure for host: pool.ntp.org
Thu Jan 01 00:06:25 1970(UTC+00:00)  SYSEVENT                 Message        DNS lookup failure for host: pool.ntp.org
Thu Jan 01 00:06:24 1970(UTC+00:00)  SYSEVENT                 Message        DNS lookup failure for host: pool.ntp.org
Thu Jan 01 00:06:24 1970(UTC+00:00)  SYSEVENT                 Message        DNS lookup failure for host: pool.ntp.org
Thu Jan 01 00:06:25 1970(UTC+00:00)  SYSEVENT                 Message        DNS lookup failure for host: pool.ntp.org
Thu Jan 01 00:06:24 1970(UTC+00:00)  SYSEVENT                 Message        DNS lookup failure for host: pool.ntp.org
Thu Jan 01 00:06:25 1970(UTC+00:00)  SYSEVENT                 Message        DNS lookup failure for host: pool.ntp.org
Thu Jan 01 00:06:23 1970(UTC+00:00)  SYSEVENT                 Message        DNS lookup failure for host: pool.ntp.org
Thu Jan 01 00:06:24 1970(UTC+00:00)  SYSEVENT                 Message        DNS lookup failure for host: pool.ntp.org
Thu Jan 01 00:06:24 1970(UTC+00:00)  SYSEVENT                 Message        DNS lookup failure for host: pool.ntp.org
Thu Jan 01 00:06:24 1970(UTC+00:00)  SYSEVENT                 Message        DNS lookup failure for host: pool.ntp.org
Thu Jan 01 00:06:24 1970(UTC+00:00)  SYSEVENT                 Message        DNS lookup failure for host: pool.ntp.org
Thu Jan 01 00:06:23 1970(UTC+00:00)  SYSEVENT                 Message        DNS lookup failure for host: pool.ntp.org
Thu Jan 01 00:06:24 1970(UTC+00:00)  SYSEVENT                 Message        DNS lookup failure for host: pool.ntp.org
Thu Jan 01 00:06:25 1970(UTC+00:00)  SYSEVENT                 Message        DNS lookup failure for host: pool.ntp.org
Thu Jan 01 00:06:25 1970(UTC+00:00)  SYSEVENT                 Message        DNS lookup failure for host: pool.ntp.org
Thu Jan 01 00:06:24 1970(UTC+00:00)  SYSEVENT                 Message        DNS lookup failure for host: pool.ntp.org
Thu Jan 01 00:06:24 1970(UTC+00:00)  SYSEVENT                 Message        DNS lookup failure for host: pool.ntp.org
Thu Jan 01 00:06:25 1970(UTC+00:00)  SYSEVENT                 Message        DNS lookup failure for host: pool.ntp.org
Thu Jan 01 00:06:23 1970(UTC+00:00)  SYSEVENT                 Message        DNS lookup failure for host: pool.ntp.org
Thu Jan 01 00:06:24 1970(UTC+00:00)  SYSEVENT                 Message        DNS lookup failure for host: pool.ntp.org
Thu Jan 01 00:06:24 1970(UTC+00:00)  SYSEVENT                 Message        DNS lookup failure for host: pool.ntp.org
Thu Jan 01 00:06:24 1970(UTC+00:00)  SYSEVENT                 Message        DNS lookup failure for host: pool.ntp.org
Thu Jan 01 00:06:25 1970(UTC+00:00)  SYSEVENT                 Message        DNS lookup failure for host: pool.ntp.org
Thu Jan 01 00:06:24 1970(UTC+00:00)  SYSEVENT                 Message        DNS lookup failure for host: pool.ntp.org
Thu Jan 01 00:06:24 1970(UTC+00:00)  SYSEVENT                 Message        DNS lookup failure for host: pool.ntp.org
Thu Jan 01 00:06:25 1970(UTC+00:00)  SYSEVENT                 Message        DNS lookup failure for host: pool.ntp.org
Thu Jan 01 00:06:25 1970(UTC+00:00)  SYSEVENT                 Message        DNS lookup failure for host: pool.ntp.org
Thu Jan 01 00:06:24 1970(UTC+00:00)  SYSEVENT                 Message        DNS lookup failure for host: pool.ntp.org
Thu Jan 01 00:06:24 1970(UTC+00:00)  SYSEVENT                 Message        DNS lookup failure for host: pool.ntp.org
Thu Jan 01 00:06:24 1970(UTC+00:00)  SYSEVENT                 Message        DNS lookup failure for host: pool.ntp.org
Thu Jan 01 00:06:25 1970(UTC+00:00)  SYSEVENT                 Message        DNS lookup failure for host: pool.ntp.org
Thu Jan 01 00:06:24 1970(UTC+00:00)  SYSEVENT                 Message        DNS lookup failure for host: pool.ntp.org
Thu Jan 01 00:06:25 1970(UTC+00:00)  SYSEVENT                 Message        DNS lookup failure for host: pool.ntp.org
Thu Jan 01 00:06:25 1970(UTC+00:00)  SYSEVENT                 Message        DNS lookup failure for host: pool.ntp.org
Thu Jan 01 00:06:24 1970(UTC+00:00)  SYSEVENT                 Message        DNS lookup failure for host: pool.ntp.org
Thu Jan 01 00:06:24 1970(UTC+00:00)  SYSEVENT                 Message        DNS lookup failure for host: pool.ntp.org
Thu Jan 01 00:06:23 1970(UTC+00:00)  SYSEVENT                 Message        DNS lookup failure for host: pool.ntp.org
Thu Jan 01 00:06:25 1970(UTC+00:00)  SYSEVENT                 Message        DNS lookup failure for host: pool.ntp.org
Thu Jan 01 00:06:24 1970(UTC+00:00)  SYSEVENT                 Message        DNS lookup failure for host: pool.ntp.org
Thu Jan 01 00:06:25 1970(UTC+00:00)  SYSEVENT                 Message        DNS lookup failure for host: pool.ntp.org
Thu Jan 01 00:06:24 1970(UTC+00:00)  SYSEVENT                 Message        DNS lookup failure for host: pool.ntp.org
Thu Jan 01 00:06:24 1970(UTC+00:00)  SYSEVENT                 Message        DNS lookup failure for host: pool.ntp.org
Thu Jan 01 00:06:24 1970(UTC+00:00)  SYSEVENT                 Message        DNS lookup failure for host: pool.ntp.org
Thu Jan 01 00:06:24 1970(UTC+00:00)  SYSEVENT                 Message        DNS lookup failure for host: pool.ntp.org
Thu Jan 01 00:06:25 1970(UTC+00:00)  SYSEVENT                 Message        DNS lookup failure for host: pool.ntp.org
Thu Jan 01 00:06:25 1970(UTC+00:00)  SYSEVENT                 Message        DNS lookup failure for host: pool.ntp.org
Thu Jan 01 00:06:25 1970(UTC+00:00)  SYSEVENT                 Message        DNS lookup failure for host: pool.ntp.org
Thu Jan 01 00:06:25 1970(UTC+00:00)  SYSEVENT                 Message        DNS lookup failure for host: pool.ntp.org
Thu Jan 01 00:06:25 1970(UTC+00:00)  SYSEVENT                 Message        DNS lookup failure for host: pool.ntp.org
Thu Jan 01 00:06:25 1970(UTC+00:00)  SYSEVENT                 Message        DNS lookup failure for host: pool.ntp.org
Thu Jan 01 00:06:24 1970(UTC+00:00)  SYSEVENT                 Message        DNS lookup failure for host: pool.ntp.org
Thu Jan 01 00:06:25 1970(UTC+00:00)  SYSEVENT                 Message        DNS lookup failure for host: pool.ntp.org
Thu Jan 01 00:06:25 1970(UTC+00:00)  SYSEVENT                 Message        DNS lookup failure for host: pool.ntp.org
Thu Jan 01 00:06:25 1970(UTC+00:00)  SYSEVENT                 Message        DNS lookup failure for host: pool.ntp.org
Thu Jan 01 00:06:24 1970(UTC+00:00)  SYSEVENT                 Message        DNS lookup failure for host: pool.ntp.org
Thu Jan 01 00:06:24 1970(UTC+00:00)  SYSEVENT                 Message        DNS lookup failure for host: pool.ntp.org
Mon Jan 12 01:39:13 1970(UTC+00:00)  VELEVENT   05270   001   Alarm          Compressor High Head Pressure
Mon Jan 12 01:43:37 1970(UTC+00:00)  VELEVENT   05034   001   Warning        High Return Humidity
Thu Jan 01 00:06:24 1970(UTC+00:00)  SYSEVENT                 Message        DNS lookup failure for host: pool.ntp.org
Thu Jan 01 01:23:34 1970(UTC+00:00)  VELEVENT   05270   001   Alarm          Compressor High Head Pressure
Thu Jan 01 05:08:53 1970(UTC+00:00)  VELEVENT   05110   001   Message        Unit Off
Thu Jan 01 05:08:53 1970(UTC+00:00)  VELEVENT   05110   001   Clear          Unit Off
Thu Jan 01 00:06:25 1970(UTC+00:00)  SYSEVENT                 Message        DNS lookup failure for host: pool.ntp.org
Thu Jan 01 00:06:25 1970(UTC+00:00)  SYSEVENT                 Message        DNS lookup failure for host: pool.ntp.org
Thu Jan 01 00:06:24 1970(UTC+00:00)  SYSEVENT                 Message        DNS lookup failure for host: pool.ntp.org
Thu Jan 01 00:06:25 1970(UTC+00:00)  SYSEVENT                 Message        DNS lookup failure for host: pool.ntp.org
Thu Jan 01 00:06:25 1970(UTC+00:00)  SYSEVENT                 Message        DNS lookup failure for host: pool.ntp.org
Thu Jan 01 00:06:24 1970(UTC+00:00)  SYSEVENT                 Message        DNS lookup failure for host: pool.ntp.org
Thu Jan 01 00:06:25 1970(UTC+00:00)  SYSEVENT                 Message        DNS lookup failure for host: pool.ntp.org
Thu Jan 01 00:06:25 1970(UTC+00:00)  SYSEVENT                 Message        DNS lookup failure for host: pool.ntp.org
Thu Jan 01 00:06:24 1970(UTC+00:00)  SYSEVENT                 Message        DNS lookup failure for host: pool.ntp.org
Thu Jan 01 00:06:23 1970(UTC+00:00)  SYSEVENT                 Message        DNS lookup failure for host: pool.ntp.org
Thu Jan 01 00:06:25 1970(UTC+00:00)  SYSEVENT                 Message        DNS lookup failure for host: pool.ntp.org
Thu Jan 01 00:06:25 1970(UTC+00:00)  SYSEVENT                 Message        DNS lookup failure for host: pool.ntp.org
Thu Jan 01 00:04:43 1970(UTC+00:00)  VELEVENT   05109   001   Message        Unit On
Thu Jan 01 00:04:44 1970(UTC+00:00)  VELEVENT   05109   001   Clear          Unit On
Thu Jan 01 00:04:45 1970(UTC+00:00)  VELEVENT   05110   001   Message        Unit Off
Thu Jan 01 00:04:46 1970(UTC+00:00)  VELEVENT   05110   001   Clear          Unit Off
Thu Jan 01 00:05:00 1970(UTC+00:00)  VELEVENT   05109   001   Message        Unit On
Thu Jan 01 00:05:00 1970(UTC+00:00)  VELEVENT   05109   001   Clear          Unit On
Thu Jan 01 00:06:24 1970(UTC+00:00)  SYSEVENT                 Message        DNS lookup failure for host: pool.ntp.org
Thu Jan 01 00:10:08 1970(UTC+00:00)  VELEVENT   05110   001   Message        Unit Off
Thu Jan 01 00:10:09 1970(UTC+00:00)  VELEVENT   05110   001   Clear          Unit Off
Thu Jan 01 00:03:07 1970(UTC+00:00)  VELEVENT   05110   001   Message        Unit Off
Thu Jan 01 00:03:07 1970(UTC+00:00)  VELEVENT   05110   001   Clear          Unit Off
Thu Jan 01 00:03:08 1970(UTC+00:00)  VELEVENT   05109   001   Message        Unit On
Thu Jan 01 00:03:08 1970(UTC+00:00)  VELEVENT   05109   001   Clear          Unit On
Thu Jan 01 00:03:11 1970(UTC+00:00)  VELEVENT   05110   001   Message        Unit Off
Thu Jan 01 00:03:11 1970(UTC+00:00)  VELEVENT   05109   001   Message        Unit On
Thu Jan 01 00:06:25 1970(UTC+00:00)  SYSEVENT                 Message        DNS lookup failure for host: pool.ntp.org
Thu Jan 01 00:24:18 1970(UTC+00:00)  VELEVENT   05109   001   Message        Unit On
Thu Jan 01 00:24:19 1970(UTC+00:00)  VELEVENT   05109   001   Clear          Unit On
Thu Jan 01 00:25:47 1970(UTC+00:00)  VELEVENT   05034   001   Warning        High Return Humidity
Thu Jan 01 00:27:50 1970(UTC+00:00)  VELEVENT   05034   001   Clear          High Return Humidity
Thu Jan 01 00:27:54 1970(UTC+00:00)  VELEVENT   05034   001   Warning        High Return Humidity
Thu Jan 01 00:28:04 1970(UTC+00:00)  VELEVENT   05034   001   Clear          High Return Humidity
Thu Jan 01 00:06:24 1970(UTC+00:00)  SYSEVENT                 Message        DNS lookup failure for host: pool.ntp.org
Thu Jan 01 00:06:24 1970(UTC+00:00)  SYSEVENT                 Message        DNS lookup failure for host: pool.ntp.org
Thu Jan 01 01:53:44 1970(UTC+00:00)  VELEVENT   05270   001   Alarm          Compressor High Head Pressure
Thu Jan 01 01:57:57 1970(UTC+00:00)  VELEVENT   05034   001   Warning        High Return Humidity
Thu Jan 01 05:24:40 1970(UTC+00:00)  VELEVENT   05110   001   Message        Unit Off
Thu Jan 01 05:24:40 1970(UTC+00:00)  VELEVENT   05110   001   Clear          Unit Off
Thu Jan 01 05:25:07 1970(UTC+00:00)  VELEVENT   05109   001   Message        Unit On
Thu Jan 01 05:25:08 1970(UTC+00:00)  VELEVENT   05109   001   Clear          Unit On
Thu Jan 01 05:27:11 1970(UTC+00:00)  VELEVENT   05110   001   Message        Unit Off
Thu Jan 01 05:27:11 1970(UTC+00:00)  VELEVENT   05110   001   Clear          Unit Off
Thu Jan 01 00:06:24 1970(UTC+00:00)  SYSEVENT                 Message        DNS lookup failure for host: pool.ntp.org
Thu Jan 01 00:06:24 1970(UTC+00:00)  SYSEVENT                 Message        DNS lookup failure for host: pool.ntp.org
Thu Jan 01 00:46:16 1970(UTC+00:00)  VELEVENT   05109   001   Message        Unit On
Thu Jan 01 00:46:17 1970(UTC+00:00)  VELEVENT   05109   001   Clear          Unit On
Thu Jan 01 00:47:44 1970(UTC+00:00)  VELEVENT   05023   001   Warning        Return Air Over Temperature
Thu Jan 01 05:11:36 1970(UTC+00:00)  VELEVENT   05023   001   Clear          Return Air Over Temperature
Thu Jan 01 00:06:24 1970(UTC+00:00)  SYSEVENT                 Message        DNS lookup failure for host: pool.ntp.org
Thu Jan 01 00:42:59 1970(UTC+00:00)  VELEVENT   05110   001   Message        Unit Off
Thu Jan 01 00:42:59 1970(UTC+00:00)  VELEVENT   05110   001   Clear          Unit Off
Thu Jan 01 01:57:18 1970(UTC+00:00)  VELEVENT   05109   001   Message        Unit On
Thu Jan 01 01:57:19 1970(UTC+00:00)  VELEVENT   05109   001   Clear          Unit On
Thu Jan 01 00:06:24 1970(UTC+00:00)  SYSEVENT                 Message        DNS lookup failure for host: pool.ntp.org
Thu Jan 01 00:06:24 1970(UTC+00:00)  SYSEVENT                 Message        DNS lookup failure for host: pool.ntp.org
Thu Jan 01 00:06:25 1970(UTC+00:00)  SYSEVENT                 Message        DNS lookup failure for host: pool.ntp.org
Thu Jan 01 04:04:51 1970(UTC+00:00)  VELEVENT   05110   001   Message        Unit Off
Thu Jan 01 04:04:51 1970(UTC+00:00)  VELEVENT   05110   001   Clear          Unit Off
Thu Jan 01 00:03:06 1970(UTC+00:00)  VELEVENT   05109   001   Message        Unit On
Thu Jan 01 00:03:06 1970(UTC+00:00)  VELEVENT   05109   001   Clear          Unit On
Thu Jan 01 00:03:11 1970(UTC+00:00)  VELEVENT   05109   001   Message        Unit On
Thu Jan 01 00:06:24 1970(UTC+00:00)  SYSEVENT                 Message        DNS lookup failure for host: pool.ntp.org
Fri Jan 02 01:59:58 1970(UTC+00:00)  VELEVENT   05270   001   Alarm          Compressor High Head Pressure
Fri Jan 02 15:56:22 1970(UTC+00:00)  VELEVENT   05110   001   Message        Unit Off
Fri Jan 02 15:56:23 1970(UTC+00:00)  VELEVENT   05110   001   Clear          Unit Off
Fri Jan 02 15:56:38 1970(UTC+00:00)  VELEVENT   05270   001   Clear          Compressor High Head Pressure
Fri Jan 02 15:56:40 1970(UTC+00:00)  VELEVENT   05270   001   Alarm          Compressor High Head Pressure
Fri Jan 02 15:57:04 1970(UTC+00:00)  VELEVENT   05270   001   Clear          Compressor High Head Pressure
Fri Jan 02 15:57:06 1970(UTC+00:00)  VELEVENT   05270   001   Alarm          Compressor High Head Pressure
Fri Jan 02 15:57:49 1970(UTC+00:00)  VELEVENT   05270   001   Clear          Compressor High Head Pressure
Fri Jan 02 15:57:49 1970(UTC+00:00)  VELEVENT   05270   001   Alarm          Compressor High Head Pressure
Fri Jan 02 15:57:52 1970(UTC+00:00)  VELEVENT   05109   001   Message        Unit On
Fri Jan 02 15:57:52 1970(UTC+00:00)  VELEVENT   05109   001   Clear          Unit On
Fri Jan 02 15:59:06 1970(UTC+00:00)  VELEVENT   05270   001   Clear          Compressor High Head Pressure
Fri Jan 02 15:59:07 1970(UTC+00:00)  VELEVENT   05270   001   Alarm          Compressor High Head Pressure
Fri Jan 02 16:02:07 1970(UTC+00:00)  VELEVENT   05270   001   Clear          Compressor High Head Pressure
Fri Jan 02 16:02:07 1970(UTC+00:00)  VELEVENT   05270   001   Alarm          Compressor High Head Pressure
Fri Jan 02 16:48:17 1970(UTC+00:00)  VELEVENT   05110   001   Message        Unit Off
Fri Jan 02 16:48:17 1970(UTC+00:00)  VELEVENT   05110   001   Clear          Unit Off
Thu Jan 01 00:03:06 1970(UTC+00:00)  VELEVENT   05109   001   Message        Unit On
Thu Jan 01 00:03:06 1970(UTC+00:00)  VELEVENT   05109   001   Clear          Unit On
Thu Jan 01 00:03:10 1970(UTC+00:00)  VELEVENT   05109   001   Message        Unit On
Thu Jan 01 00:06:25 1970(UTC+00:00)  SYSEVENT                 Message        DNS lookup failure for host: pool.ntp.org
Thu Jan 01 01:56:44 1970(UTC+00:00)  VELEVENT   05270   001   Alarm          Compressor High Head Pressure
Thu Jan 01 05:26:39 1970(UTC+00:00)  VELEVENT   05023   001   Warning        Return Air Over Temperature
Thu Jan 01 05:57:54 1970(UTC+00:00)  VELEVENT   05110   001   Message        Unit Off
Thu Jan 01 05:57:54 1970(UTC+00:00)  VELEVENT   05110   001   Clear          Unit Off
Thu Jan 01 05:58:49 1970(UTC+00:00)  VELEVENT   05109   001   Message        Unit On
Thu Jan 01 05:58:50 1970(UTC+00:00)  VELEVENT   05109   001   Clear          Unit On
Thu Jan 01 05:58:52 1970(UTC+00:00)  VELEVENT   05110   001   Message        Unit Off
Thu Jan 01 05:58:52 1970(UTC+00:00)  VELEVENT   05110   001   Clear          Unit Off
Thu Jan 01 00:03:00 1970(UTC+00:00)  VELEVENT   05023   001   Clear          Return Air Over Temperature
Thu Jan 01 00:03:05 1970(UTC+00:00)  VELEVENT   05023   001   Warning        Return Air Over Temperature
Thu Jan 01 00:03:10 1970(UTC+00:00)  VELEVENT   05023   001   Warning        Return Air Over Temperature
Thu Jan 01 00:04:35 1970(UTC+00:00)  VELEVENT   05110   001   Message        Unit Off
Thu Jan 01 00:04:36 1970(UTC+00:00)  VELEVENT   05110   001   Clear          Unit Off
Thu Jan 01 00:06:15 1970(UTC+00:00)  VELEVENT   05023   001   Clear          Return Air Over Temperature
Thu Jan 01 00:06:25 1970(UTC+00:00)  SYSEVENT                 Message        DNS lookup failure for host: pool.ntp.org
Thu Jan 01 00:06:45 1970(UTC+00:00)  VELEVENT   05109   001   Message        Unit On
Thu Jan 01 00:06:45 1970(UTC+00:00)  VELEVENT   05109   001   Clear          Unit On
Thu Jan 01 05:53:20 1970(UTC+00:00)  VELEVENT   05270   001   Alarm          Compressor High Head Pressure
Thu Jan 01 06:02:49 1970(UTC+00:00)  VELEVENT   05034   001   Warning        High Return Humidity
Thu Jan 01 00:06:25 1970(UTC+00:00)  SYSEVENT                 Message        DNS lookup failure for host: pool.ntp.org
Thu Jan 01 01:29:22 1970(UTC+00:00)  VELEVENT   05270   001   Alarm          Compressor High Head Pressure
Thu Jan 01 00:06:24 1970(UTC+00:00)  SYSEVENT                 Message        DNS lookup failure for host: pool.ntp.org
Thu Jan 01 08:12:35 1970(UTC+00:00)  VELEVENT   05270   001   Alarm          Compressor High Head Pressure
Thu Jan 01 00:06:24 1970(UTC+00:00)  SYSEVENT                 Message        DNS lookup failure for host: pool.ntp.org
Thu Jan 01 00:03:03 1970(UTC+00:00)  VELEVENT   05034   001   Clear          High Return Humidity
Thu Jan 01 00:03:12 1970(UTC+00:00)  VELEVENT   05034   001   Warning        High Return Humidity
Thu Jan 01 00:03:13 1970(UTC+00:00)  VELEVENT   05034   001   Warning        High Return Humidity
Thu Jan 01 00:06:24 1970(UTC+00:00)  SYSEVENT                 Message        DNS lookup failure for host: pool.ntp.org
Thu Jan 01 00:06:25 1970(UTC+00:00)  SYSEVENT                 Message        DNS lookup failure for host: pool.ntp.org
Thu Jan 01 00:06:25 1970(UTC+00:00)  SYSEVENT                 Message        DNS lookup failure for host: pool.ntp.org
Thu Jan 01 00:06:25 1970(UTC+00:00)  SYSEVENT                 Message        DNS lookup failure for host: pool.ntp.org
Thu Jan 01 00:06:24 1970(UTC+00:00)  SYSEVENT                 Message        DNS lookup failure for host: pool.ntp.org
Thu Jan 01 00:06:24 1970(UTC+00:00)  SYSEVENT                 Message        DNS lookup failure for host: pool.ntp.org
Thu Jan 01 03:22:56 1970(UTC+00:00)  VELEVENT   05270   001   Alarm          Compressor High Head Pressure
Thu Jan 01 03:37:36 1970(UTC+00:00)  VELEVENT   05034   001   Warning        High Return Humidity
Thu Jan 01 03:42:30 1970(UTC+00:00)  VELEVENT   05034   001   Clear          High Return Humidity
Thu Jan 01 03:42:31 1970(UTC+00:00)  VELEVENT   05270   001   Clear          Compressor High Head Pressure
Thu Jan 01 03:42:32 1970(UTC+00:00)  VELEVENT   05270   001   Alarm          Compressor High Head Pressure
Thu Jan 01 03:42:34 1970(UTC+00:00)  VELEVENT   05034   001   Warning        High Return Humidity
Thu Jan 01 03:42:43 1970(UTC+00:00)  VELEVENT   05110   001   Message        Unit Off
Thu Jan 01 03:42:44 1970(UTC+00:00)  VELEVENT   05110   001   Clear          Unit Off
Thu Jan 01 03:44:15 1970(UTC+00:00)  VELEVENT   05109   001   Message        Unit On
Thu Jan 01 03:44:15 1970(UTC+00:00)  VELEVENT   05109   001   Clear          Unit On
Thu Jan 01 00:03:11 1970(UTC+00:00)  VELEVENT   05034   001   Warning        High Return Humidity
Thu Jan 01 00:03:13 1970(UTC+00:00)  VELEVENT   05034   001   Warning        High Return Humidity
Thu Jan 01 00:06:24 1970(UTC+00:00)  SYSEVENT                 Message        DNS lookup failure for host: pool.ntp.org
Fri Jan 02 02:06:24 1970(UTC+00:00)  VELEVENT   05034   001   Clear          High Return Humidity
Thu Jan 01 00:06:25 1970(UTC+00:00)  SYSEVENT                 Message        DNS lookup failure for host: pool.ntp.org
Thu Jan 01 00:06:25 1970(UTC+00:00)  SYSEVENT                 Message        DNS lookup failure for host: pool.ntp.org
Thu Jan 01 00:06:24 1970(UTC+00:00)  SYSEVENT                 Message        DNS lookup failure for host: pool.ntp.org
Thu Jan 01 00:06:25 1970(UTC+00:00)  SYSEVENT                 Message        DNS lookup failure for host: pool.ntp.org
Thu Jan 01 00:06:25 1970(UTC+00:00)  SYSEVENT                 Message        DNS lookup failure for host: pool.ntp.org
Thu Jan 01 00:06:25 1970(UTC+00:00)  SYSEVENT                 Message        DNS lookup failure for host: pool.ntp.org
Thu Jan 01 00:06:24 1970(UTC+00:00)  SYSEVENT                 Message        DNS lookup failure for host: pool.ntp.org
Thu Jan 01 00:06:24 1970(UTC+00:00)  SYSEVENT                 Message        DNS lookup failure for host: pool.ntp.org
Thu Jan 01 00:06:25 1970(UTC+00:00)  SYSEVENT                 Message        DNS lookup failure for host: pool.ntp.org
Thu Jan 01 00:06:25 1970(UTC+00:00)  SYSEVENT                 Message        DNS lookup failure for host: pool.ntp.org
Thu Jan 01 00:06:25 1970(UTC+00:00)  SYSEVENT                 Message        DNS lookup failure for host: pool.ntp.org
Thu Jan 01 00:06:24 1970(UTC+00:00)  SYSEVENT                 Message        DNS lookup failure for host: pool.ntp.org
Thu Jan 01 00:06:24 1970(UTC+00:00)  SYSEVENT                 Message        DNS lookup failure for host: pool.ntp.org
Thu Jan 01 00:06:25 1970(UTC+00:00)  SYSEVENT                 Message        DNS lookup failure for host: pool.ntp.org
Thu Jan 01 00:06:24 1970(UTC+00:00)  SYSEVENT                 Message        DNS lookup failure for host: pool.ntp.org
Thu Jan 01 00:06:24 1970(UTC+00:00)  SYSEVENT                 Message        DNS lookup failure for host: pool.ntp.org
Thu Jan 01 00:06:23 1970(UTC+00:00)  SYSEVENT                 Message        DNS lookup failure for host: pool.ntp.org
Thu Jan 01 00:06:25 1970(UTC+00:00)  SYSEVENT                 Message        DNS lookup failure for host: pool.ntp.org
Thu Jan 01 00:06:24 1970(UTC+00:00)  SYSEVENT                 Message        DNS lookup failure for host: pool.ntp.org
Thu Jan 01 00:06:24 1970(UTC+00:00)  SYSEVENT                 Message        DNS lookup failure for host: pool.ntp.org
Thu Jan 01 00:06:24 1970(UTC+00:00)  SYSEVENT                 Message        DNS lookup failure for host: pool.ntp.org
Thu Jan 01 00:06:24 1970(UTC+00:00)  SYSEVENT                 Message        DNS lookup failure for host: pool.ntp.org
Thu Jan 01 00:06:24 1970(UTC+00:00)  SYSEVENT                 Message        DNS lookup failure for host: pool.ntp.org
Thu Jan 01 00:06:24 1970(UTC+00:00)  SYSEVENT                 Message        DNS lookup failure for host: pool.ntp.org
Thu Jan 01 00:06:25 1970(UTC+00:00)  SYSEVENT                 Message        DNS lookup failure for host: pool.ntp.org
Thu Jan 01 00:06:23 1970(UTC+00:00)  SYSEVENT                 Message        DNS lookup failure for host: pool.ntp.org
Thu Jan 01 00:06:23 1970(UTC+00:00)  SYSEVENT                 Message        DNS lookup failure for host: pool.ntp.org
Thu Jan 01 00:06:23 1970(UTC+00:00)  SYSEVENT                 Message        DNS lookup failure for host: pool.ntp.org
Thu Jan 01 00:06:23 1970(UTC+00:00)  SYSEVENT                 Message        DNS lookup failure for host: pool.ntp.org
Thu Jan 01 00:06:23 1970(UTC+00:00)  SYSEVENT                 Message        DNS lookup failure for host: pool.ntp.org
Thu Jan 01 00:06:24 1970(UTC+00:00)  SYSEVENT                 Message        DNS lookup failure for host: pool.ntp.org
Thu Jan 01 00:06:24 1970(UTC+00:00)  SYSEVENT                 Message        DNS lookup failure for host: pool.ntp.org
Thu Jan 01 00:06:23 1970(UTC+00:00)  SYSEVENT                 Message        DNS lookup failure for host: pool.ntp.org
Thu Jan 01 00:06:24 1970(UTC+00:00)  SYSEVENT                 Message        DNS lookup failure for host: pool.ntp.org
Thu Jan 01 00:06:25 1970(UTC+00:00)  SYSEVENT                 Message        DNS lookup failure for host: pool.ntp.org
Thu Jan 01 00:06:25 1970(UTC+00:00)  SYSEVENT                 Message        DNS lookup failure for host: pool.ntp.org
Thu Jan 01 00:06:24 1970(UTC+00:00)  SYSEVENT                 Message        DNS lookup failure for host: pool.ntp.org
Thu Jan 01 00:06:25 1970(UTC+00:00)  SYSEVENT                 Message        DNS lookup failure for host: pool.ntp.org
Thu Jan 01 00:06:25 1970(UTC+00:00)  SYSEVENT                 Message        DNS lookup failure for host: pool.ntp.org
Thu Jan 01 00:06:25 1970(UTC+00:00)  SYSEVENT                 Message        DNS lookup failure for host: pool.ntp.org
Thu Jan 01 00:06:24 1970(UTC+00:00)  SYSEVENT                 Message        DNS lookup failure for host: pool.ntp.org
Thu Jan 01 00:06:25 1970(UTC+00:00)  SYSEVENT                 Message        DNS lookup failure for host: pool.ntp.org
Thu Jan 01 00:06:25 1970(UTC+00:00)  SYSEVENT                 Message        DNS lookup failure for host: pool.ntp.org
Thu Jan 01 00:06:25 1970(UTC+00:00)  SYSEVENT                 Message        DNS lookup failure for host: pool.ntp.org
Thu Jan 01 00:06:25 1970(UTC+00:00)  SYSEVENT                 Message        DNS lookup failure for host: pool.ntp.org
Thu Jan 01 00:06:25 1970(UTC+00:00)  SYSEVENT                 Message        DNS lookup failure for host: pool.ntp.org
Thu Jan 01 00:48:20 1970(UTC+00:00)  VELEVENT   00142   001   Warning        System Restart Required
Thu Jan 01 00:06:56 1970(UTC+00:00)  SYSEVENT                 Message        DNS lookup failure for host: pool.ntp.org
